[25-Apr-2022 20:00:30 Europe/Berlin] Inicio de aplicación web
[25-Apr-2022 20:00:30 Europe/Berlin] PHP Warning:  Undefined property: View::$user in C:\xampp\htdocs\MVC\views\login\index.php on line 45
[25-Apr-2022 20:01:54 Europe/Berlin] Inicio de aplicación web
[25-Apr-2022 20:01:54 Europe/Berlin] PHP Deprecated:  rtrim(): Passing null to parameter #1 ($string) of type string is deprecated in C:\xampp\htdocs\MVC\libs\app.php on line 7
[25-Apr-2022 20:01:54 Europe/Berlin] APP::construct-> no hay controlador especificado
[25-Apr-2022 20:01:54 Europe/Berlin] PHP Warning:  Undefined property: View::$user in C:\xampp\htdocs\MVC\views\login\index.php on line 45
[25-Apr-2022 20:02:58 Europe/Berlin] Inicio de aplicación web
[25-Apr-2022 20:02:58 Europe/Berlin] PHP Deprecated:  rtrim(): Passing null to parameter #1 ($string) of type string is deprecated in C:\xampp\htdocs\MVC\libs\app.php on line 7
[25-Apr-2022 20:02:58 Europe/Berlin] APP::construct-> no hay controlador especificado
[25-Apr-2022 20:02:58 Europe/Berlin] Login::construct -> Inicio de Login
[25-Apr-2022 20:02:58 Europe/Berlin] PHP Warning:  Undefined property: View::$user in C:\xampp\htdocs\MVC\views\login\index.php on line 45
[25-Apr-2022 20:20:17 Europe/Berlin] Inicio de aplicación web
[25-Apr-2022 20:23:23 Europe/Berlin] Inicio de aplicación web
[25-Apr-2022 20:23:26 Europe/Berlin] Inicio de aplicación web
[25-Apr-2022 20:23:31 Europe/Berlin] Inicio de aplicación web
[25-Apr-2022 20:23:42 Europe/Berlin] Inicio de aplicación web
[25-Apr-2022 20:23:42 Europe/Berlin] Login::construct -> Inicio de Login
[25-Apr-2022 20:23:48 Europe/Berlin] Inicio de aplicación web
[25-Apr-2022 20:23:48 Europe/Berlin] Login::construct -> Inicio de Login
[25-Apr-2022 20:23:48 Europe/Berlin] Inicio de aplicación web
[25-Apr-2022 20:23:48 Europe/Berlin] Login::construct -> Inicio de Login
[25-Apr-2022 20:23:48 Europe/Berlin] Inicio de aplicación web
[25-Apr-2022 20:23:48 Europe/Berlin] Login::construct -> Inicio de Login
[25-Apr-2022 20:23:51 Europe/Berlin] Inicio de aplicación web
[25-Apr-2022 20:23:51 Europe/Berlin] Login::construct -> Inicio de Login
[25-Apr-2022 22:15:59 Europe/Berlin] Inicio de aplicación web
[25-Apr-2022 22:15:59 Europe/Berlin] PHP Deprecated:  rtrim(): Passing null to parameter #1 ($string) of type string is deprecated in C:\xampp\htdocs\MVC\libs\app.php on line 7
[25-Apr-2022 22:15:59 Europe/Berlin] APP::construct-> no hay controlador especificado
[25-Apr-2022 22:15:59 Europe/Berlin] Login::construct -> Inicio de Login
[25-Apr-2022 22:15:59 Europe/Berlin] Login::render -> Carga el index de Login
[25-Apr-2022 22:16:09 Europe/Berlin] Inicio de aplicación web
[25-Apr-2022 22:16:09 Europe/Berlin] Errores::construct -> Inicio de Errores
[25-Apr-2022 22:16:24 Europe/Berlin] Inicio de aplicación web
[25-Apr-2022 22:16:24 Europe/Berlin] PHP Deprecated:  rtrim(): Passing null to parameter #1 ($string) of type string is deprecated in C:\xampp\htdocs\MVC\libs\app.php on line 7
[25-Apr-2022 22:16:24 Europe/Berlin] APP::construct-> no hay controlador especificado
[25-Apr-2022 22:16:24 Europe/Berlin] Login::construct -> Inicio de Login
[25-Apr-2022 22:16:24 Europe/Berlin] Login::render -> Carga el index de Login
[25-Apr-2022 22:16:24 Europe/Berlin] PHP Warning:  Undefined array key "error" in C:\xampp\htdocs\MVC\libs\view.php on line 36
[25-Apr-2022 22:16:27 Europe/Berlin] Inicio de aplicación web
[25-Apr-2022 22:16:27 Europe/Berlin] PHP Deprecated:  rtrim(): Passing null to parameter #1 ($string) of type string is deprecated in C:\xampp\htdocs\MVC\libs\app.php on line 7
[25-Apr-2022 22:16:27 Europe/Berlin] APP::construct-> no hay controlador especificado
[25-Apr-2022 22:16:27 Europe/Berlin] Login::construct -> Inicio de Login
[25-Apr-2022 22:16:27 Europe/Berlin] Login::render -> Carga el index de Login
[25-Apr-2022 22:16:27 Europe/Berlin] PHP Warning:  Undefined array key "error" in C:\xampp\htdocs\MVC\libs\view.php on line 36
[25-Apr-2022 22:16:47 Europe/Berlin] Inicio de aplicación web
[25-Apr-2022 22:16:47 Europe/Berlin] PHP Deprecated:  rtrim(): Passing null to parameter #1 ($string) of type string is deprecated in C:\xampp\htdocs\MVC\libs\app.php on line 7
[25-Apr-2022 22:16:47 Europe/Berlin] APP::construct-> no hay controlador especificado
[25-Apr-2022 22:16:47 Europe/Berlin] Login::construct -> Inicio de Login
[25-Apr-2022 22:16:47 Europe/Berlin] Login::render -> Carga el index de Login
[25-Apr-2022 22:16:47 Europe/Berlin] PHP Warning:  Undefined array key "error" in C:\xampp\htdocs\MVC\libs\view.php on line 36
[25-Apr-2022 22:16:47 Europe/Berlin] Inicio de aplicación web
[25-Apr-2022 22:16:47 Europe/Berlin] PHP Deprecated:  rtrim(): Passing null to parameter #1 ($string) of type string is deprecated in C:\xampp\htdocs\MVC\libs\app.php on line 7
[25-Apr-2022 22:16:47 Europe/Berlin] APP::construct-> no hay controlador especificado
[25-Apr-2022 22:16:47 Europe/Berlin] Login::construct -> Inicio de Login
[25-Apr-2022 22:16:47 Europe/Berlin] Login::render -> Carga el index de Login
[25-Apr-2022 22:16:47 Europe/Berlin] PHP Warning:  Undefined array key "error" in C:\xampp\htdocs\MVC\libs\view.php on line 36
[25-Apr-2022 22:19:31 Europe/Berlin] Inicio de aplicación web
[25-Apr-2022 22:19:31 Europe/Berlin] PHP Deprecated:  rtrim(): Passing null to parameter #1 ($string) of type string is deprecated in C:\xampp\htdocs\MVC\libs\app.php on line 7
[25-Apr-2022 22:19:31 Europe/Berlin] APP::construct-> no hay controlador especificado
[25-Apr-2022 22:19:31 Europe/Berlin] Login::construct -> Inicio de Login
[25-Apr-2022 22:19:31 Europe/Berlin] Login::render -> Carga el index de Login
[25-Apr-2022 22:19:31 Europe/Berlin] PHP Warning:  Undefined array key "error" in C:\xampp\htdocs\MVC\libs\view.php on line 36
[25-Apr-2022 22:19:32 Europe/Berlin] Inicio de aplicación web
[25-Apr-2022 22:19:32 Europe/Berlin] PHP Deprecated:  rtrim(): Passing null to parameter #1 ($string) of type string is deprecated in C:\xampp\htdocs\MVC\libs\app.php on line 7
[25-Apr-2022 22:19:32 Europe/Berlin] APP::construct-> no hay controlador especificado
[25-Apr-2022 22:19:32 Europe/Berlin] Login::construct -> Inicio de Login
[25-Apr-2022 22:19:32 Europe/Berlin] Login::render -> Carga el index de Login
[25-Apr-2022 22:19:32 Europe/Berlin] PHP Warning:  Undefined array key "error" in C:\xampp\htdocs\MVC\libs\view.php on line 36
[25-Apr-2022 22:20:43 Europe/Berlin] Inicio de aplicación web
[25-Apr-2022 22:20:43 Europe/Berlin] PHP Deprecated:  rtrim(): Passing null to parameter #1 ($string) of type string is deprecated in C:\xampp\htdocs\MVC\libs\app.php on line 7
[25-Apr-2022 22:20:43 Europe/Berlin] APP::construct-> no hay controlador especificado
[25-Apr-2022 22:20:43 Europe/Berlin] Login::construct -> Inicio de Login
[25-Apr-2022 22:20:43 Europe/Berlin] Login::render -> Carga el index de Login
[25-Apr-2022 22:20:43 Europe/Berlin] PHP Warning:  Undefined array key "error" in C:\xampp\htdocs\MVC\libs\view.php on line 36
[25-Apr-2022 22:20:44 Europe/Berlin] Inicio de aplicación web
[25-Apr-2022 22:20:44 Europe/Berlin] PHP Deprecated:  rtrim(): Passing null to parameter #1 ($string) of type string is deprecated in C:\xampp\htdocs\MVC\libs\app.php on line 7
[25-Apr-2022 22:20:44 Europe/Berlin] APP::construct-> no hay controlador especificado
[25-Apr-2022 22:20:44 Europe/Berlin] Login::construct -> Inicio de Login
[25-Apr-2022 22:20:44 Europe/Berlin] Login::render -> Carga el index de Login
[25-Apr-2022 22:20:44 Europe/Berlin] PHP Warning:  Undefined array key "error" in C:\xampp\htdocs\MVC\libs\view.php on line 36
[25-Apr-2022 22:21:12 Europe/Berlin] Inicio de aplicación web
[25-Apr-2022 22:21:12 Europe/Berlin] PHP Deprecated:  rtrim(): Passing null to parameter #1 ($string) of type string is deprecated in C:\xampp\htdocs\MVC\libs\app.php on line 7
[25-Apr-2022 22:21:12 Europe/Berlin] APP::construct-> no hay controlador especificado
[25-Apr-2022 22:21:12 Europe/Berlin] Login::construct -> Inicio de Login
[25-Apr-2022 22:21:12 Europe/Berlin] Login::render -> Carga el index de Login
[25-Apr-2022 22:21:12 Europe/Berlin] PHP Warning:  Undefined array key "error" in C:\xampp\htdocs\MVC\libs\view.php on line 36
[25-Apr-2022 22:22:50 Europe/Berlin] Inicio de aplicación web
[25-Apr-2022 22:22:50 Europe/Berlin] PHP Deprecated:  rtrim(): Passing null to parameter #1 ($string) of type string is deprecated in C:\xampp\htdocs\MVC\libs\app.php on line 7
[25-Apr-2022 22:22:50 Europe/Berlin] APP::construct-> no hay controlador especificado
[25-Apr-2022 22:22:50 Europe/Berlin] Login::construct -> Inicio de Login
[25-Apr-2022 22:22:50 Europe/Berlin] Login::render -> Carga el index de Login
[25-Apr-2022 22:22:55 Europe/Berlin] Inicio de aplicación web
[25-Apr-2022 22:22:55 Europe/Berlin] PHP Deprecated:  rtrim(): Passing null to parameter #1 ($string) of type string is deprecated in C:\xampp\htdocs\MVC\libs\app.php on line 7
[25-Apr-2022 22:22:55 Europe/Berlin] APP::construct-> no hay controlador especificado
[25-Apr-2022 22:22:55 Europe/Berlin] Login::construct -> Inicio de Login
[25-Apr-2022 22:22:55 Europe/Berlin] Login::render -> Carga el index de Login
[25-Apr-2022 22:22:59 Europe/Berlin] Inicio de aplicación web
[25-Apr-2022 22:22:59 Europe/Berlin] PHP Deprecated:  rtrim(): Passing null to parameter #1 ($string) of type string is deprecated in C:\xampp\htdocs\MVC\libs\app.php on line 7
[25-Apr-2022 22:22:59 Europe/Berlin] APP::construct-> no hay controlador especificado
[25-Apr-2022 22:22:59 Europe/Berlin] Login::construct -> Inicio de Login
[25-Apr-2022 22:22:59 Europe/Berlin] Login::render -> Carga el index de Login
